# JRE version: Java(TM) SE Runtime Environment 18.9 (11.0.17+10) (build 11.0.17+10-LTS-269)
# Java VM: Java HotSpot(TM) 64-Bit Server VM 18.9 (11.0.17+10-LTS-269, mixed mode, tiered, compressed oops, g1 gc, windows-amd64)
Heap:
 garbage-first heap   total 444416K, used 262928K [0x0000000080000000, 0x0000000100000000)
  region size 1024K, 4 young (4096K), 4 survivors (4096K)
 Metaspace       used 126326K, capacity 132748K, committed 132980K, reserved 630784K
  class space    used 16855K, capacity 19307K, committed 19328K, reserved 516096K
GC Heap History (10 events):
Event: 44.100 GC heap after
{Heap after GC invocations=51 (full 0):
 garbage-first heap   total 374784K, used 237407K [0x0000000080000000, 0x0000000100000000)
  region size 1024K, 4 young (4096K), 4 survivors (4096K)
 Metaspace       used 122819K, capacity 128993K, committed 129140K, reserved 626688K
  class space    used 16425K, capacity 18713K, committed 18816K, reserved 516096K
}
Event: 44.588 GC heap before
{Heap before GC invocations=51 (full 0):
 garbage-first heap   total 374784K, used 281439K [0x0000000080000000, 0x0000000100000000)
  region size 1024K, 47 young (48128K), 4 survivors (4096K)
 Metaspace       used 122913K, capacity 129099K, committed 129396K, reserved 626688K
  class space    used 16430K, capacity 18722K, committed 18816K, reserved 516096K
}
Event: 44.598 GC heap after
{Heap after GC invocations=52 (full 0):
 garbage-first heap   total 374784K, used 243048K [0x0000000080000000, 0x0000000100000000)
  region size 1024K, 6 young (6144K), 6 survivors (6144K)
 Metaspace       used 122913K, capacity 129099K, committed 129396K, reserved 626688K
  class space    used 16430K, capacity 18722K, committed 18816K, reserved 516096K
}
Event: 45.209 GC heap before
{Heap before GC invocations=52 (full 0):
 garbage-first heap   total 374784K, used 289128K [0x0000000080000000, 0x0000000100000000)
  region size 1024K, 51 young (52224K), 6 survivors (6144K)
 Metaspace       used 123425K, capacity 129636K, committed 129780K, reserved 628736K
  class space    used 16495K, capacity 18831K, committed 18944K, reserved 516096K
}
Event: 45.227 GC heap after
{Heap after GC invocations=53 (full 0):
 garbage-first heap   total 374784K, used 249958K [0x0000000080000000, 0x0000000100000000)
  region size 1024K, 7 young (7168K), 7 survivors (7168K)
 Metaspace       used 123425K, capacity 129636K, committed 129780K, reserved 628736K
  class space    used 16495K, capacity 18831K, committed 18944K, reserved 516096K
}
Event: 45.833 GC heap before
{Heap before GC invocations=54 (full 0):
 garbage-first heap   total 374784K, used 296038K [0x0000000080000000, 0x0000000100000000)
  region size 1024K, 52 young (53248K), 7 survivors (7168K)
 Metaspace       used 124962K, capacity 131213K, committed 131444K, reserved 628736K
  class space    used 16682K, capacity 19069K, committed 19072K, reserved 516096K
}
Event: 45.843 GC heap after
{Heap after GC invocations=55 (full 0):
 garbage-first heap   total 374784K, used 253952K [0x0000000080000000, 0x0000000100000000)
  region size 1024K, 4 young (4096K), 4 survivors (4096K)
 Metaspace       used 124962K, capacity 131213K, committed 131444K, reserved 628736K
  class space    used 16682K, capacity 19069K, committed 19072K, reserved 516096K
}
Event: 46.498 GC heap before
{Heap before GC invocations=55 (full 0):
 garbage-first heap   total 374784K, used 301056K [0x0000000080000000, 0x0000000100000000)
  region size 1024K, 50 young (51200K), 4 survivors (4096K)
 Metaspace       used 125796K, capacity 132045K, committed 132084K, reserved 630784K
  class space    used 16780K, capacity 19187K, committed 19200K, reserved 516096K
}
Event: 46.513 GC heap after
{Heap after GC invocations=56 (full 0):
 garbage-first heap   total 374784K, used 258777K [0x0000000080000000, 0x0000000100000000)
  region size 1024K, 7 young (7168K), 7 survivors (7168K)
 Metaspace       used 125796K, capacity 132045K, committed 132084K, reserved 630784K
  class space    used 16780K, capacity 19187K, committed 19200K, reserved 516096K
}
Event: 47.269 GC heap before
{Heap before GC invocations=56 (full 0):
 garbage-first heap   total 374784K, used 304857K [0x0000000080000000, 0x0000000100000000)
  region size 1024K, 53 young (54272K), 7 survivors (7168K)
 Metaspace       used 126326K, capacity 132748K, committed 132980K, reserved 630784K
  class space    used 16855K, capacity 19307K, committed 19328K, reserved 516096K
}

