# JRE version: Java(TM) SE Runtime Environment 18.9 (11.0.17+10) (build 11.0.17+10-LTS-269)
# Java VM: Java HotSpot(TM) 64-Bit Server VM 18.9 (11.0.17+10-LTS-269, mixed mode, tiered, compressed oops, g1 gc, windows-amd64)
Heap:
 garbage-first heap   total 459776K, used 375713K [0x0000000080000000, 0x0000000100000000)
  region size 1024K, 50 young (51200K), 6 survivors (6144K)
 Metaspace       used 143753K, capacity 151065K, committed 151168K, reserved 647168K
  class space    used 18410K, capacity 21077K, committed 21120K, reserved 516096K
GC Heap History (10 events):
Event: 92.978 GC heap before
{Heap before GC invocations=75 (full 0):
 garbage-first heap   total 459776K, used 353328K [0x0000000080000000, 0x0000000100000000)
  region size 1024K, 35 young (35840K), 2 survivors (2048K)
 Metaspace       used 135225K, capacity 142287K, committed 142464K, reserved 638976K
  class space    used 17408K, capacity 20005K, committed 20096K, reserved 516096K
}
Event: 92.985 GC heap after
{Heap after GC invocations=76 (full 0):
 garbage-first heap   total 459776K, used 324431K [0x0000000080000000, 0x0000000100000000)
  region size 1024K, 5 young (5120K), 5 survivors (5120K)
 Metaspace       used 135225K, capacity 142287K, committed 142464K, reserved 638976K
  class space    used 17408K, capacity 20005K, committed 20096K, reserved 516096K
}
Event: 93.167 GC heap before
{Heap before GC invocations=76 (full 0):
 garbage-first heap   total 459776K, used 359247K [0x0000000080000000, 0x0000000100000000)
  region size 1024K, 40 young (40960K), 5 survivors (5120K)
 Metaspace       used 135566K, capacity 142652K, committed 142720K, reserved 638976K
  class space    used 17434K, capacity 20041K, committed 20096K, reserved 516096K
}
Event: 93.177 GC heap after
{Heap after GC invocations=77 (full 0):
 garbage-first heap   total 459776K, used 326251K [0x0000000080000000, 0x0000000100000000)
  region size 1024K, 4 young (4096K), 4 survivors (4096K)
 Metaspace       used 135566K, capacity 142652K, committed 142720K, reserved 638976K
  class space    used 17434K, capacity 20041K, committed 20096K, reserved 516096K
}
Event: 93.401 GC heap before
{Heap before GC invocations=77 (full 0):
 garbage-first heap   total 459776K, used 370283K [0x0000000080000000, 0x0000000100000000)
  region size 1024K, 48 young (49152K), 4 survivors (4096K)
 Metaspace       used 135651K, capacity 142661K, committed 142720K, reserved 638976K
  class space    used 17436K, capacity 20044K, committed 20096K, reserved 516096K
}
Event: 93.407 GC heap after
{Heap after GC invocations=78 (full 0):
 garbage-first heap   total 459776K, used 326890K [0x0000000080000000, 0x0000000100000000)
  region size 1024K, 4 young (4096K), 4 survivors (4096K)
 Metaspace       used 135651K, capacity 142661K, committed 142720K, reserved 638976K
  class space    used 17436K, capacity 20044K, committed 20096K, reserved 516096K
}
Event: 93.801 GC heap before
{Heap before GC invocations=78 (full 0):
 garbage-first heap   total 459776K, used 381162K [0x0000000080000000, 0x0000000100000000)
  region size 1024K, 58 young (59392K), 4 survivors (4096K)
 Metaspace       used 135864K, capacity 143042K, committed 143232K, reserved 641024K
  class space    used 17453K, capacity 20067K, committed 20096K, reserved 516096K
}
Event: 93.808 GC heap after
{Heap after GC invocations=79 (full 0):
 garbage-first heap   total 459776K, used 328358K [0x0000000080000000, 0x0000000100000000)
  region size 1024K, 6 young (6144K), 6 survivors (6144K)
 Metaspace       used 135864K, capacity 143042K, committed 143232K, reserved 641024K
  class space    used 17453K, capacity 20067K, committed 20096K, reserved 516096K
}
Event: 94.157 GC heap before
{Heap before GC invocations=79 (full 0):
 garbage-first heap   total 459776K, used 384678K [0x0000000080000000, 0x0000000100000000)
  region size 1024K, 62 young (63488K), 6 survivors (6144K)
 Metaspace       used 135983K, capacity 143073K, committed 143232K, reserved 641024K
  class space    used 17455K, capacity 20071K, committed 20096K, reserved 516096K
}
Event: 94.164 GC heap after
{Heap after GC invocations=80 (full 0):
 garbage-first heap   total 459776K, used 330657K [0x0000000080000000, 0x0000000100000000)
  region size 1024K, 6 young (6144K), 6 survivors (6144K)
 Metaspace       used 135983K, capacity 143073K, committed 143232K, reserved 641024K
  class space    used 17455K, capacity 20071K, committed 20096K, reserved 516096K
}

