# JRE version: Java(TM) SE Runtime Environment 18.9 (11.0.17+10) (build 11.0.17+10-LTS-269)
# Java VM: Java HotSpot(TM) 64-Bit Server VM 18.9 (11.0.17+10-LTS-269, mixed mode, tiered, compressed oops, g1 gc, windows-amd64)
Heap:
 garbage-first heap   total 374784K, used 235748K [0x0000000080000000, 0x0000000100000000)
  region size 1024K, 4 young (4096K), 4 survivors (4096K)
 Metaspace       used 117614K, capacity 123648K, committed 123836K, reserved 622592K
  class space    used 15711K, capacity 17952K, committed 18036K, reserved 516096K
GC Heap History (10 events):
Event: 44.876 GC heap after
{Heap after GC invocations=41 (full 0):
 garbage-first heap   total 260096K, used 214501K [0x0000000080000000, 0x0000000100000000)
  region size 1024K, 3 young (3072K), 3 survivors (3072K)
 Metaspace       used 116084K, capacity 122067K, committed 122172K, reserved 620544K
  class space    used 15562K, capacity 17843K, committed 17908K, reserved 516096K
}
Event: 45.066 GC heap before
{Heap before GC invocations=41 (full 0):
 garbage-first heap   total 260096K, used 225765K [0x0000000080000000, 0x0000000100000000)
  region size 1024K, 14 young (14336K), 3 survivors (3072K)
 Metaspace       used 116138K, capacity 122202K, committed 122428K, reserved 622592K
  class space    used 15563K, capacity 17844K, committed 17908K, reserved 516096K
}
Event: 45.078 GC heap after
{Heap after GC invocations=42 (full 0):
 garbage-first heap   total 312320K, used 218936K [0x0000000080000000, 0x0000000100000000)
  region size 1024K, 2 young (2048K), 2 survivors (2048K)
 Metaspace       used 116138K, capacity 122202K, committed 122428K, reserved 622592K
  class space    used 15563K, capacity 17844K, committed 17908K, reserved 516096K
}
Event: 45.720 GC heap before
{Heap before GC invocations=43 (full 0):
 garbage-first heap   total 312320K, used 248632K [0x0000000080000000, 0x0000000100000000)
  region size 1024K, 31 young (31744K), 2 survivors (2048K)
 Metaspace       used 116989K, capacity 122957K, committed 123324K, reserved 622592K
  class space    used 15660K, capacity 17900K, committed 18036K, reserved 516096K
}
Event: 45.731 GC heap after
{Heap after GC invocations=44 (full 0):
 garbage-first heap   total 312320K, used 224374K [0x0000000080000000, 0x0000000100000000)
  region size 1024K, 4 young (4096K), 4 survivors (4096K)
 Metaspace       used 116989K, capacity 122957K, committed 123324K, reserved 622592K
  class space    used 15660K, capacity 17900K, committed 18036K, reserved 516096K
}
Event: 46.073 GC heap before
{Heap before GC invocations=44 (full 0):
 garbage-first heap   total 312320K, used 253046K [0x0000000080000000, 0x0000000100000000)
  region size 1024K, 32 young (32768K), 4 survivors (4096K)
 Metaspace       used 117395K, capacity 123357K, committed 123580K, reserved 622592K
  class space    used 15707K, capacity 17945K, committed 18036K, reserved 516096K
}
Event: 46.084 GC heap after
{Heap after GC invocations=45 (full 0):
 garbage-first heap   total 312320K, used 228215K [0x0000000080000000, 0x0000000100000000)
  region size 1024K, 4 young (4096K), 4 survivors (4096K)
 Metaspace       used 117395K, capacity 123357K, committed 123580K, reserved 622592K
  class space    used 15707K, capacity 17945K, committed 18036K, reserved 516096K
}
Event: 46.486 GC heap before
{Heap before GC invocations=45 (full 0):
 garbage-first heap   total 312320K, used 256887K [0x0000000080000000, 0x0000000100000000)
  region size 1024K, 32 young (32768K), 4 survivors (4096K)
 Metaspace       used 117495K, capacity 123426K, committed 123580K, reserved 622592K
  class space    used 15707K, capacity 17945K, committed 18036K, reserved 516096K
}
Event: 46.496 GC heap after
{Heap after GC invocations=46 (full 0):
 garbage-first heap   total 312320K, used 231980K [0x0000000080000000, 0x0000000100000000)
  region size 1024K, 4 young (4096K), 4 survivors (4096K)
 Metaspace       used 117495K, capacity 123426K, committed 123580K, reserved 622592K
  class space    used 15707K, capacity 17945K, committed 18036K, reserved 516096K
}
Event: 46.853 GC heap before
{Heap before GC invocations=47 (full 0):
 garbage-first heap   total 312320K, used 260652K [0x0000000080000000, 0x0000000100000000)
  region size 1024K, 32 young (32768K), 4 survivors (4096K)
 Metaspace       used 117614K, capacity 123648K, committed 123836K, reserved 622592K
  class space    used 15711K, capacity 17952K, committed 18036K, reserved 516096K
}

