# JRE version: Java(TM) SE Runtime Environment 18.9 (11.0.17+10) (build 11.0.17+10-LTS-269)
# Java VM: Java HotSpot(TM) 64-Bit Server VM 18.9 (11.0.17+10-LTS-269, mixed mode, tiered, compressed oops, g1 gc, windows-amd64)
Heap:
 garbage-first heap   total 374784K, used 89566K [0x0000000702400000, 0x0000000800000000)
  region size 1024K, 10 young (10240K), 10 survivors (10240K)
 Metaspace       used 74724K, capacity 75606K, committed 75656K, reserved 1116160K
  class space    used 8150K, capacity 8533K, committed 8576K, reserved 1048576K
GC Heap History (10 events):
Event: 5.422 GC heap after
{Heap after GC invocations=8 (full 0):
 garbage-first heap   total 260096K, used 32108K [0x0000000702400000, 0x0000000800000000)
  region size 1024K, 10 young (10240K), 10 survivors (10240K)
 Metaspace       used 48734K, capacity 49177K, committed 49360K, reserved 1093632K
  class space    used 5749K, capacity 5963K, committed 6016K, reserved 1048576K
}
Event: 8.451 GC heap before
{Heap before GC invocations=8 (full 0):
 garbage-first heap   total 260096K, used 127340K [0x0000000702400000, 0x0000000800000000)
  region size 1024K, 102 young (104448K), 10 survivors (10240K)
 Metaspace       used 58639K, capacity 59392K, committed 59472K, reserved 1101824K
  class space    used 6803K, capacity 7135K, committed 7168K, reserved 1048576K
}
Event: 8.473 GC heap after
{Heap after GC invocations=9 (full 0):
 garbage-first heap   total 312320K, used 43855K [0x0000000702400000, 0x0000000800000000)
  region size 1024K, 12 young (12288K), 12 survivors (12288K)
 Metaspace       used 58639K, capacity 59392K, committed 59472K, reserved 1101824K
  class space    used 6803K, capacity 7135K, committed 7168K, reserved 1048576K
}
Event: 9.220 GC heap before
{Heap before GC invocations=9 (full 0):
 garbage-first heap   total 312320K, used 82767K [0x0000000702400000, 0x0000000800000000)
  region size 1024K, 51 young (52224K), 12 survivors (12288K)
 Metaspace       used 59401K, capacity 60116K, committed 60296K, reserved 1101824K
  class space    used 6882K, capacity 7206K, committed 7296K, reserved 1048576K
}
Event: 9.243 GC heap after
{Heap after GC invocations=10 (full 0):
 garbage-first heap   total 312320K, used 51474K [0x0000000702400000, 0x0000000800000000)
  region size 1024K, 8 young (8192K), 8 survivors (8192K)
 Metaspace       used 59401K, capacity 60116K, committed 60296K, reserved 1101824K
  class space    used 6882K, capacity 7206K, committed 7296K, reserved 1048576K
}
Event: 10.986 GC heap before
{Heap before GC invocations=11 (full 0):
 garbage-first heap   total 312320K, used 165138K [0x0000000702400000, 0x0000000800000000)
  region size 1024K, 119 young (121856K), 8 survivors (8192K)
 Metaspace       used 60827K, capacity 61582K, committed 61704K, reserved 1103872K
  class space    used 7024K, capacity 7374K, committed 7424K, reserved 1048576K
}
Event: 11.005 GC heap after
{Heap after GC invocations=12 (full 0):
 garbage-first heap   total 312320K, used 62302K [0x0000000702400000, 0x0000000800000000)
  region size 1024K, 15 young (15360K), 15 survivors (15360K)
 Metaspace       used 60827K, capacity 61582K, committed 61704K, reserved 1103872K
  class space    used 7024K, capacity 7374K, committed 7424K, reserved 1048576K
}
Event: 18.174 GC heap before
{Heap before GC invocations=12 (full 0):
 garbage-first heap   total 312320K, used 206686K [0x0000000702400000, 0x0000000800000000)
  region size 1024K, 153 young (156672K), 15 survivors (15360K)
 Metaspace       used 68453K, capacity 69343K, committed 69512K, reserved 1112064K
  class space    used 7638K, capacity 8021K, committed 8064K, reserved 1048576K
}
Event: 18.207 GC heap after
{Heap after GC invocations=13 (full 0):
 garbage-first heap   total 312320K, used 79733K [0x0000000702400000, 0x0000000800000000)
  region size 1024K, 15 young (15360K), 15 survivors (15360K)
 Metaspace       used 68453K, capacity 69343K, committed 69512K, reserved 1112064K
  class space    used 7638K, capacity 8021K, committed 8064K, reserved 1048576K
}
Event: 24.763 GC heap before
{Heap before GC invocations=13 (full 0):
 garbage-first heap   total 312320K, used 212853K [0x0000000702400000, 0x0000000800000000)
  region size 1024K, 145 young (148480K), 15 survivors (15360K)
 Metaspace       used 74724K, capacity 75606K, committed 75656K, reserved 1116160K
  class space    used 8150K, capacity 8533K, committed 8576K, reserved 1048576K
}

